<?xml version="1.0" encoding="UTF-8"?>
<!-- Generated by org.testng.reporters.JUnitXMLReporter -->
<testsuite ignored="0" hostname="LAPTOP-NMKFU7QB" failures="0" tests="3" name="Default test(failed)" time="0.05" errors="0" timestamp="2023-05-22T19:40:12 IST">
  <testcase classname="testBase.BaseClass" name="@BeforeClass setup" time="-1.684764612621E9">
    <failure type="org.testng.TestNGException" message="
Parameter &amp;apos;browser&amp;apos; is required by BeforeClass on method setup but has not been marked @Optional or defined
in C:\Users\kaush\eclipse-workspace\SauceDemo\test-output\testng-failed.xml">
      <![CDATA[org.testng.TestNGException: 
Parameter 'browser' is required by BeforeClass on method setup but has not been marked @Optional or defined
in C:\Users\kaush\eclipse-workspace\SauceDemo\test-output\testng-failed.xml
at java.base/java.util.ArrayList.forEach(ArrayList.java:1511)
... Removed 22 stack frames]]>
    </failure>
  </testcase> <!-- @BeforeClass setup -->
  <testcase classname="testBase.BaseClass" name="@AfterClass teardown" time="-1.684764612648E9">
    <skipped/>
  </testcase> <!-- @AfterClass teardown -->
  <testcase classname="testCases.TC_001_LoginTest_Grouping" name="test_regression" time="0.0">
    <skipped/>
  </testcase> <!-- test_regression -->
  <testcase classname="testCases.TC_001_LoginTest_Grouping" name="test_sanity" time="0.0">
    <skipped/>
  </testcase> <!-- test_sanity -->
  <testcase classname="testCases.TC_001_LoginTest_Grouping" name="test_smoke" time="0.0">
    <skipped/>
  </testcase> <!-- test_smoke -->
</testsuite> <!-- Default test(failed) -->
